F:\PROJECT ENGINEERING\WINDOWS-HELLO-VPR\程序代码\WINDOWS HELLO - VPR\DEBUG\WINDOWS HELLO - VPR.EXE
F:\PROJECT ENGINEERING\WINDOWS-HELLO-VPR\程序代码\WINDOWS HELLO - VPR\DEBUG\WINDOWS HELLO - VPR.ILK
F:\PROJECT ENGINEERING\WINDOWS-HELLO-VPR\程序代码\WINDOWS HELLO - VPR\DEBUG\WINDOWS HELLO - VPR.PDB
F:\Project Engineering\Windows-Hello-VPR\程序代码\Windows Hello - VPR\Windows Hello - VPR\Debug\cl.command.1.tlog
F:\Project Engineering\Windows-Hello-VPR\程序代码\Windows Hello - VPR\Windows Hello - VPR\Debug\CL.read.1.tlog
F:\Project Engineering\Windows-Hello-VPR\程序代码\Windows Hello - VPR\Windows Hello - VPR\Debug\CL.write.1.tlog
F:\Project Engineering\Windows-Hello-VPR\程序代码\Windows Hello - VPR\Windows Hello - VPR\Debug\link.5952.read.1.tlog
F:\Project Engineering\Windows-Hello-VPR\程序代码\Windows Hello - VPR\Windows Hello - VPR\Debug\link.5952.write.1.tlog
F:\Project Engineering\Windows-Hello-VPR\程序代码\Windows Hello - VPR\Windows Hello - VPR\Debug\link.5952-cvtres.read.1.tlog
F:\Project Engineering\Windows-Hello-VPR\程序代码\Windows Hello - VPR\Windows Hello - VPR\Debug\link.5952-cvtres.write.1.tlog
F:\Project Engineering\Windows-Hello-VPR\程序代码\Windows Hello - VPR\Windows Hello - VPR\Debug\link.6380.read.1.tlog
F:\Project Engineering\Windows-Hello-VPR\程序代码\Windows Hello - VPR\Windows Hello - VPR\Debug\link.6380.write.1.tlog
F:\Project Engineering\Windows-Hello-VPR\程序代码\Windows Hello - VPR\Windows Hello - VPR\Debug\link.6380-cvtres.read.1.tlog
F:\Project Engineering\Windows-Hello-VPR\程序代码\Windows Hello - VPR\Windows Hello - VPR\Debug\link.6380-cvtres.write.1.tlog
F:\Project Engineering\Windows-Hello-VPR\程序代码\Windows Hello - VPR\Windows Hello - VPR\Debug\link.command.1.tlog
F:\Project Engineering\Windows-Hello-VPR\程序代码\Windows Hello - VPR\Windows Hello - VPR\Debug\link.read.1.tlog
F:\Project Engineering\Windows-Hello-VPR\程序代码\Windows Hello - VPR\Windows Hello - VPR\Debug\link.write.1.tlog
F:\Project Engineering\Windows-Hello-VPR\程序代码\Windows Hello - VPR\Windows Hello - VPR\Debug\link-cvtres.read.1.tlog
F:\Project Engineering\Windows-Hello-VPR\程序代码\Windows Hello - VPR\Windows Hello - VPR\Debug\link-cvtres.write.1.tlog
F:\PROJECT ENGINEERING\WINDOWS-HELLO-VPR\程序代码\WINDOWS HELLO - VPR\WINDOWS HELLO - VPR\DEBUG\MAIN_SOURCE.OBJ
F:\PROJECT ENGINEERING\WINDOWS-HELLO-VPR\程序代码\WINDOWS HELLO - VPR\WINDOWS HELLO - VPR\DEBUG\MODEL_GMM.OBJ
F:\PROJECT ENGINEERING\WINDOWS-HELLO-VPR\程序代码\WINDOWS HELLO - VPR\WINDOWS HELLO - VPR\DEBUG\MODEL_KMEANS.OBJ
F:\Project Engineering\Windows-Hello-VPR\程序代码\Windows Hello - VPR\Windows Hello - VPR\Debug\mt.command.1.tlog
F:\Project Engineering\Windows-Hello-VPR\程序代码\Windows Hello - VPR\Windows Hello - VPR\Debug\mt.read.1.tlog
F:\Project Engineering\Windows-Hello-VPR\程序代码\Windows Hello - VPR\Windows Hello - VPR\Debug\mt.write.1.tlog
F:\Project Engineering\Windows-Hello-VPR\程序代码\Windows Hello - VPR\Windows Hello - VPR\Debug\rc.command.1.tlog
F:\Project Engineering\Windows-Hello-VPR\程序代码\Windows Hello - VPR\Windows Hello - VPR\Debug\rc.read.1.tlog
F:\Project Engineering\Windows-Hello-VPR\程序代码\Windows Hello - VPR\Windows Hello - VPR\Debug\rc.write.1.tlog
F:\Project Engineering\Windows-Hello-VPR\程序代码\Windows Hello - VPR\Windows Hello - VPR\Debug\vc100.idb
F:\PROJECT ENGINEERING\WINDOWS-HELLO-VPR\程序代码\WINDOWS HELLO - VPR\WINDOWS HELLO - VPR\DEBUG\VC100.PDB
F:\PROJECT ENGINEERING\WINDOWS-HELLO-VPR\程序代码\WINDOWS HELLO - VPR\WINDOWS HELLO - VPR\DEBUG\WAVDATA_CHARAPARAMETER.OBJ
F:\PROJECT ENGINEERING\WINDOWS-HELLO-VPR\程序代码\WINDOWS HELLO - VPR\WINDOWS HELLO - VPR\DEBUG\WAVDATA_SUPPORTFUNCTION.OBJ
F:\PROJECT ENGINEERING\WINDOWS-HELLO-VPR\程序代码\WINDOWS HELLO - VPR\WINDOWS HELLO - VPR\DEBUG\WAVFILE_INITIAL.OBJ
F:\PROJECT ENGINEERING\WINDOWS-HELLO-VPR\程序代码\WINDOWS HELLO - VPR\WINDOWS HELLO - VPR\DEBUG\WAVFILE_STRUCT.OBJ
F:\PROJECT ENGINEERING\WINDOWS-HELLO-VPR\程序代码\WINDOWS HELLO - VPR\WINDOWS HELLO - VPR\DEBUG\WINDOWS HELLO - VPR.EXE.EMBED.MANIFEST
F:\PROJECT ENGINEERING\WINDOWS-HELLO-VPR\程序代码\WINDOWS HELLO - VPR\WINDOWS HELLO - VPR\DEBUG\WINDOWS HELLO - VPR.EXE.EMBED.MANIFEST.RES
F:\PROJECT ENGINEERING\WINDOWS-HELLO-VPR\程序代码\WINDOWS HELLO - VPR\WINDOWS HELLO - VPR\DEBUG\WINDOWS HELLO - VPR.EXE.INTERMEDIATE.MANIFEST
F:\Project Engineering\Windows-Hello-VPR\程序代码\Windows Hello - VPR\Windows Hello - VPR\Debug\Windows Hello - VPR.vcxprojResolveAssemblyReference.cache
F:\Project Engineering\Windows-Hello-VPR\程序代码\Windows Hello - VPR\Windows Hello - VPR\Debug\Windows Hello - VPR.write.1.tlog
F:\Project Engineering\Windows-Hello-VPR\程序代码\Windows Hello - VPR\Windows Hello - VPR\Debug\Windows Hello - VPR_manifest.rc
