F:\PROJECT ENGINEERING\WINDOWS-HELLO-VPR\程序代码\WINDOWS HELLO APPLICATION\DEBUG\WINDOWS HELLO APPLICATION.EXE
F:\PROJECT ENGINEERING\WINDOWS-HELLO-VPR\程序代码\WINDOWS HELLO APPLICATION\DEBUG\WINDOWS HELLO APPLICATION.ILK
F:\PROJECT ENGINEERING\WINDOWS-HELLO-VPR\程序代码\WINDOWS HELLO APPLICATION\DEBUG\WINDOWS HELLO APPLICATION.PDB
F:\Project Engineering\Windows-Hello-VPR\程序代码\Windows Hello Application\Windows Hello Application\Debug\cl.command.1.tlog
F:\Project Engineering\Windows-Hello-VPR\程序代码\Windows Hello Application\Windows Hello Application\Debug\CL.read.1.tlog
F:\Project Engineering\Windows-Hello-VPR\程序代码\Windows Hello Application\Windows Hello Application\Debug\CL.write.1.tlog
F:\Project Engineering\Windows-Hello-VPR\程序代码\Windows Hello Application\Windows Hello Application\Debug\link.13480.read.1.tlog
F:\Project Engineering\Windows-Hello-VPR\程序代码\Windows Hello Application\Windows Hello Application\Debug\link.13480.write.1.tlog
F:\Project Engineering\Windows-Hello-VPR\程序代码\Windows Hello Application\Windows Hello Application\Debug\link.13480-cvtres.read.1.tlog
F:\Project Engineering\Windows-Hello-VPR\程序代码\Windows Hello Application\Windows Hello Application\Debug\link.13480-cvtres.write.1.tlog
F:\Project Engineering\Windows-Hello-VPR\程序代码\Windows Hello Application\Windows Hello Application\Debug\link.2896.read.1.tlog
F:\Project Engineering\Windows-Hello-VPR\程序代码\Windows Hello Application\Windows Hello Application\Debug\link.2896.write.1.tlog
F:\Project Engineering\Windows-Hello-VPR\程序代码\Windows Hello Application\Windows Hello Application\Debug\link.2896-cvtres.read.1.tlog
F:\Project Engineering\Windows-Hello-VPR\程序代码\Windows Hello Application\Windows Hello Application\Debug\link.2896-cvtres.write.1.tlog
F:\Project Engineering\Windows-Hello-VPR\程序代码\Windows Hello Application\Windows Hello Application\Debug\link.command.1.tlog
F:\Project Engineering\Windows-Hello-VPR\程序代码\Windows Hello Application\Windows Hello Application\Debug\link.read.1.tlog
F:\Project Engineering\Windows-Hello-VPR\程序代码\Windows Hello Application\Windows Hello Application\Debug\link.write.1.tlog
F:\Project Engineering\Windows-Hello-VPR\程序代码\Windows Hello Application\Windows Hello Application\Debug\link-cvtres.read.1.tlog
F:\Project Engineering\Windows-Hello-VPR\程序代码\Windows Hello Application\Windows Hello Application\Debug\link-cvtres.write.1.tlog
F:\PROJECT ENGINEERING\WINDOWS-HELLO-VPR\程序代码\WINDOWS HELLO APPLICATION\WINDOWS HELLO APPLICATION\DEBUG\MODEL_GMM.OBJ
F:\PROJECT ENGINEERING\WINDOWS-HELLO-VPR\程序代码\WINDOWS HELLO APPLICATION\WINDOWS HELLO APPLICATION\DEBUG\MODEL_KMEANS.OBJ
F:\Project Engineering\Windows-Hello-VPR\程序代码\Windows Hello Application\Windows Hello Application\Debug\mt.command.1.tlog
F:\Project Engineering\Windows-Hello-VPR\程序代码\Windows Hello Application\Windows Hello Application\Debug\mt.read.1.tlog
F:\Project Engineering\Windows-Hello-VPR\程序代码\Windows Hello Application\Windows Hello Application\Debug\mt.write.1.tlog
F:\Project Engineering\Windows-Hello-VPR\程序代码\Windows Hello Application\Windows Hello Application\Debug\rc.command.1.tlog
F:\Project Engineering\Windows-Hello-VPR\程序代码\Windows Hello Application\Windows Hello Application\Debug\rc.read.1.tlog
F:\Project Engineering\Windows-Hello-VPR\程序代码\Windows Hello Application\Windows Hello Application\Debug\rc.write.1.tlog
F:\PROJECT ENGINEERING\WINDOWS-HELLO-VPR\程序代码\WINDOWS HELLO APPLICATION\WINDOWS HELLO APPLICATION\DEBUG\SOURCEMAIN.OBJ
F:\Project Engineering\Windows-Hello-VPR\程序代码\Windows Hello Application\Windows Hello Application\Debug\vc100.idb
F:\PROJECT ENGINEERING\WINDOWS-HELLO-VPR\程序代码\WINDOWS HELLO APPLICATION\WINDOWS HELLO APPLICATION\DEBUG\VC100.PDB
F:\PROJECT ENGINEERING\WINDOWS-HELLO-VPR\程序代码\WINDOWS HELLO APPLICATION\WINDOWS HELLO APPLICATION\DEBUG\WAVDATA_CHARAPARAMETER.OBJ
F:\PROJECT ENGINEERING\WINDOWS-HELLO-VPR\程序代码\WINDOWS HELLO APPLICATION\WINDOWS HELLO APPLICATION\DEBUG\WAVDATA_SUPPORTFUNCTION.OBJ
F:\PROJECT ENGINEERING\WINDOWS-HELLO-VPR\程序代码\WINDOWS HELLO APPLICATION\WINDOWS HELLO APPLICATION\DEBUG\WAVERECORDER.OBJ
F:\PROJECT ENGINEERING\WINDOWS-HELLO-VPR\程序代码\WINDOWS HELLO APPLICATION\WINDOWS HELLO APPLICATION\DEBUG\WAVFILE_INITIAL.OBJ
F:\PROJECT ENGINEERING\WINDOWS-HELLO-VPR\程序代码\WINDOWS HELLO APPLICATION\WINDOWS HELLO APPLICATION\DEBUG\WAVFILE_STRUCT.OBJ
F:\PROJECT ENGINEERING\WINDOWS-HELLO-VPR\程序代码\WINDOWS HELLO APPLICATION\WINDOWS HELLO APPLICATION\DEBUG\WINDOWS HELLO APPLICATION.EXE.EMBED.MANIFEST
F:\PROJECT ENGINEERING\WINDOWS-HELLO-VPR\程序代码\WINDOWS HELLO APPLICATION\WINDOWS HELLO APPLICATION\DEBUG\WINDOWS HELLO APPLICATION.EXE.EMBED.MANIFEST.RES
F:\PROJECT ENGINEERING\WINDOWS-HELLO-VPR\程序代码\WINDOWS HELLO APPLICATION\WINDOWS HELLO APPLICATION\DEBUG\WINDOWS HELLO APPLICATION.EXE.INTERMEDIATE.MANIFEST
F:\Project Engineering\Windows-Hello-VPR\程序代码\Windows Hello Application\Windows Hello Application\Debug\Windows Hello Application.vcxprojResolveAssemblyReference.cache
F:\Project Engineering\Windows-Hello-VPR\程序代码\Windows Hello Application\Windows Hello Application\Debug\Windows Hello Application.write.1.tlog
F:\Project Engineering\Windows-Hello-VPR\程序代码\Windows Hello Application\Windows Hello Application\Debug\Windows Hello Application_manifest.rc
