生成启动时间为 2017-11-25 16:41:45。
     1>项目“C:\Documents and Settings\sa\桌面\GetHostIP\GetHostIP\GetHostIP.vcxproj”在节点 2 上(build 个目标)。
     1>PrepareForBuild:
         正在创建目录“C:\Documents and Settings\sa\桌面\GetHostIP\Debug\”。
       InitializeBuildStatus:
         正在创建“Debug\GetHostIP.unsuccessfulbuild”，因为已指定“AlwaysCreate”。
       ClCompile:
         C:\Program Files\Microsoft Visual Studio 10.0\VC\bin\CL.exe /c /ZI /nologo /W3 /WX- /Od /Oy- /D WIN32 /D _DEBUG /D _CONSOLE /D _UNICODE /D UNICODE /Gm /EHsc /RTC1 /MDd /GS /fp:precise /Zc:wchar_t /Zc:forScope /Fo"Debug\\" /Fd"Debug\vc100.pdb" /Gd /TP /analyze- /errorReport:prompt SourseMain.cpp
         SourseMain.cpp
     1>c:\documents and settings\sa\桌面\gethostip\gethostip\soursemain.cpp(13): warning C4996: 'strncpy': This function or variable may be unsafe. Consider using strncpy_s instead. To disable deprecation, use _CRT_SECURE_NO_WARNINGS. See online help for details.
                 c:\program files\microsoft visual studio 10.0\vc\include\string.h(188) : 参见“strncpy”的声明
       ManifestResourceCompile:
         C:\Program Files\Microsoft SDKs\Windows\v7.0A\bin\rc.exe /nologo /fo"Debug\GetHostIP.exe.embed.manifest.res" Debug\GetHostIP_manifest.rc 
       Link:
         C:\Program Files\Microsoft Visual Studio 10.0\VC\bin\link.exe /ERRORREPORT:PROMPT /OUT:"C:\Documents and Settings\sa\桌面\GetHostIP\Debug\GetHostIP.exe" /INCREMENTAL /NOLOGO kernel32.lib user32.lib gdi32.lib winspool.lib comdlg32.lib advapi32.lib shell32.lib ole32.lib oleaut32.lib uuid.lib odbc32.lib odbccp32.lib /MANIFEST /ManifestFile:"Debug\GetHostIP.exe.intermediate.manifest" /MANIFESTUAC:"level='asInvoker' uiAccess='false'" /DEBUG /PDB:"C:\Documents and Settings\sa\桌面\GetHostIP\Debug\GetHostIP.pdb" /SUBSYSTEM:CONSOLE /TLBID:1 /DYNAMICBASE /NXCOMPAT /IMPLIB:"C:\Documents and Settings\sa\桌面\GetHostIP\Debug\GetHostIP.lib" /MACHINE:X86 Debug\GetHostIP.exe.embed.manifest.res
         Debug\SourseMain.obj
       Manifest:
         C:\Program Files\Microsoft SDKs\Windows\v7.0A\bin\mt.exe /nologo /verbose /out:"Debug\GetHostIP.exe.embed.manifest" /manifest Debug\GetHostIP.exe.intermediate.manifest
         C:\Program Files\Microsoft SDKs\Windows\v7.0A\bin\rc.exe /nologo /fo"Debug\GetHostIP.exe.embed.manifest.res" Debug\GetHostIP_manifest.rc 
       LinkEmbedManifest:
         C:\Program Files\Microsoft Visual Studio 10.0\VC\bin\link.exe /ERRORREPORT:PROMPT /OUT:"C:\Documents and Settings\sa\桌面\GetHostIP\Debug\GetHostIP.exe" /INCREMENTAL /NOLOGO kernel32.lib user32.lib gdi32.lib winspool.lib comdlg32.lib advapi32.lib shell32.lib ole32.lib oleaut32.lib uuid.lib odbc32.lib odbccp32.lib /MANIFEST /ManifestFile:"Debug\GetHostIP.exe.intermediate.manifest" /MANIFESTUAC:"level='asInvoker' uiAccess='false'" /DEBUG /PDB:"C:\Documents and Settings\sa\桌面\GetHostIP\Debug\GetHostIP.pdb" /SUBSYSTEM:CONSOLE /TLBID:1 /DYNAMICBASE /NXCOMPAT /IMPLIB:"C:\Documents and Settings\sa\桌面\GetHostIP\Debug\GetHostIP.lib" /MACHINE:X86 Debug\GetHostIP.exe.embed.manifest.res
         Debug\SourseMain.obj
         GetHostIP.vcxproj -> C:\Documents and Settings\sa\桌面\GetHostIP\Debug\GetHostIP.exe
       FinalizeBuildStatus:
         正在删除文件“Debug\GetHostIP.unsuccessfulbuild”。
         正在对“Debug\GetHostIP.lastbuildstate”执行 Touch 任务。
     1>已完成生成项目“C:\Documents and Settings\sa\桌面\GetHostIP\GetHostIP\GetHostIP.vcxproj”(build 个目标)的操作。

生成成功。

已用时间 00:00:02.54
