F:\PROJECT ENGINEERING\WINDOWS-HELLO-VPR\程序代码\SUPPORT PROJECT\GMM\DEBUG\GMM.EXE
F:\PROJECT ENGINEERING\WINDOWS-HELLO-VPR\程序代码\SUPPORT PROJECT\GMM\DEBUG\GMM.ILK
F:\PROJECT ENGINEERING\WINDOWS-HELLO-VPR\程序代码\SUPPORT PROJECT\GMM\DEBUG\GMM.PDB
F:\Project Engineering\Windows-Hello-VPR\程序代码\Support Project\GMM\GMM\Debug\cl.command.1.tlog
F:\Project Engineering\Windows-Hello-VPR\程序代码\Support Project\GMM\GMM\Debug\CL.read.1.tlog
F:\Project Engineering\Windows-Hello-VPR\程序代码\Support Project\GMM\GMM\Debug\CL.write.1.tlog
F:\PROJECT ENGINEERING\WINDOWS-HELLO-VPR\程序代码\SUPPORT PROJECT\GMM\GMM\DEBUG\GMM.EXE.EMBED.MANIFEST
F:\PROJECT ENGINEERING\WINDOWS-HELLO-VPR\程序代码\SUPPORT PROJECT\GMM\GMM\DEBUG\GMM.EXE.EMBED.MANIFEST.RES
F:\PROJECT ENGINEERING\WINDOWS-HELLO-VPR\程序代码\SUPPORT PROJECT\GMM\GMM\DEBUG\GMM.EXE.INTERMEDIATE.MANIFEST
F:\PROJECT ENGINEERING\WINDOWS-HELLO-VPR\程序代码\SUPPORT PROJECT\GMM\GMM\DEBUG\GMM.OBJ
F:\Project Engineering\Windows-Hello-VPR\程序代码\Support Project\GMM\GMM\Debug\GMM.vcxprojResolveAssemblyReference.cache
F:\Project Engineering\Windows-Hello-VPR\程序代码\Support Project\GMM\GMM\Debug\GMM.write.1.tlog
F:\Project Engineering\Windows-Hello-VPR\程序代码\Support Project\GMM\GMM\Debug\GMM_manifest.rc
F:\PROJECT ENGINEERING\WINDOWS-HELLO-VPR\程序代码\SUPPORT PROJECT\GMM\GMM\DEBUG\KMEANS.OBJ
F:\Project Engineering\Windows-Hello-VPR\程序代码\Support Project\GMM\GMM\Debug\link.5952.read.1.tlog
F:\Project Engineering\Windows-Hello-VPR\程序代码\Support Project\GMM\GMM\Debug\link.5952.write.1.tlog
F:\Project Engineering\Windows-Hello-VPR\程序代码\Support Project\GMM\GMM\Debug\link.5952-cvtres.read.1.tlog
F:\Project Engineering\Windows-Hello-VPR\程序代码\Support Project\GMM\GMM\Debug\link.5952-cvtres.write.1.tlog
F:\Project Engineering\Windows-Hello-VPR\程序代码\Support Project\GMM\GMM\Debug\link.command.1.tlog
F:\Project Engineering\Windows-Hello-VPR\程序代码\Support Project\GMM\GMM\Debug\link.read.1.tlog
F:\Project Engineering\Windows-Hello-VPR\程序代码\Support Project\GMM\GMM\Debug\link.write.1.tlog
F:\Project Engineering\Windows-Hello-VPR\程序代码\Support Project\GMM\GMM\Debug\link-cvtres.read.1.tlog
F:\Project Engineering\Windows-Hello-VPR\程序代码\Support Project\GMM\GMM\Debug\link-cvtres.write.1.tlog
F:\PROJECT ENGINEERING\WINDOWS-HELLO-VPR\程序代码\SUPPORT PROJECT\GMM\GMM\DEBUG\MAIN.OBJ
F:\Project Engineering\Windows-Hello-VPR\程序代码\Support Project\GMM\GMM\Debug\mt.command.1.tlog
F:\Project Engineering\Windows-Hello-VPR\程序代码\Support Project\GMM\GMM\Debug\mt.read.1.tlog
F:\Project Engineering\Windows-Hello-VPR\程序代码\Support Project\GMM\GMM\Debug\mt.write.1.tlog
F:\Project Engineering\Windows-Hello-VPR\程序代码\Support Project\GMM\GMM\Debug\rc.command.1.tlog
F:\Project Engineering\Windows-Hello-VPR\程序代码\Support Project\GMM\GMM\Debug\rc.read.1.tlog
F:\Project Engineering\Windows-Hello-VPR\程序代码\Support Project\GMM\GMM\Debug\rc.write.1.tlog
F:\Project Engineering\Windows-Hello-VPR\程序代码\Support Project\GMM\GMM\Debug\vc100.idb
F:\PROJECT ENGINEERING\WINDOWS-HELLO-VPR\程序代码\SUPPORT PROJECT\GMM\GMM\DEBUG\VC100.PDB
