生成启动时间为 2016/8/31 15:32:55。
     1>项目“C:\Users\yili\Desktop\Windows_aitalk_1135\examples\asr_record_demo\asr_record_demo.vcxproj”在节点 2 上(build 个目标)。
     1>PrepareForBuild:
         正在创建目录“C:\Users\yili\Desktop\Windows_aitalk_1135\Debug\”。
       InitializeBuildStatus:
         正在创建“Debug\asr_record_demo.unsuccessfulbuild”，因为已指定“AlwaysCreate”。
       ClCompile:
         C:\Program Files (x86)\Microsoft Visual Studio 10.0\VC\bin\CL.exe /c /ZI /nologo /W3 /WX- /Od /Oy- /D WIN32 /D _DEBUG /D _CONSOLE /D _UNICODE /D UNICODE /Gm /EHsc /RTC1 /MDd /GS /fp:precise /Zc:wchar_t /Zc:forScope /Fo"Debug\\" /Fd"Debug\vc100.pdb" /Gd /TC /analyze- /errorReport:prompt asr_record_demo.c
         asr_record_demo.c
     1>c:\users\yili\desktop\windows_aitalk_1135\examples\asr_record_demo\asr_record_demo.c(67): warning C4996: '_snprintf': This function or variable may be unsafe. Consider using _snprintf_s instead. To disable deprecation, use _CRT_SECURE_NO_WARNINGS. See online help for details.
                 c:\program files (x86)\microsoft visual studio 10.0\vc\include\stdio.h(363) : 参见“_snprintf”的声明
     1>c:\users\yili\desktop\windows_aitalk_1135\examples\asr_record_demo\asr_record_demo.c(80): warning C4047: “初始化”:“char”与“void *”的间接级别不同
     1>c:\users\yili\desktop\windows_aitalk_1135\examples\asr_record_demo\asr_record_demo.c(83): warning C4996: 'fopen': This function or variable may be unsafe. Consider using fopen_s instead. To disable deprecation, use _CRT_SECURE_NO_WARNINGS. See online help for details.
                 c:\program files (x86)\microsoft visual studio 10.0\vc\include\stdio.h(234) : 参见“fopen”的声明
     1>c:\users\yili\desktop\windows_aitalk_1135\examples\asr_record_demo\asr_record_demo.c(85): warning C4996: 'strerror': This function or variable may be unsafe. Consider using strerror_s instead. To disable deprecation, use _CRT_SECURE_NO_WARNINGS. See online help for details.
                 c:\program files (x86)\microsoft visual studio 10.0\vc\include\string.h(157) : 参见“strerror”的声明
     1>c:\users\yili\desktop\windows_aitalk_1135\examples\asr_record_demo\asr_record_demo.c(113): warning C4996: '_snprintf': This function or variable may be unsafe. Consider using _snprintf_s instead. To disable deprecation, use _CRT_SECURE_NO_WARNINGS. See online help for details.
                 c:\program files (x86)\microsoft visual studio 10.0\vc\include\stdio.h(363) : 参见“_snprintf”的声明
     1>c:\users\yili\desktop\windows_aitalk_1135\examples\asr_record_demo\asr_record_demo.c(143): warning C4047: “初始化”:“char”与“void *”的间接级别不同
     1>c:\users\yili\desktop\windows_aitalk_1135\examples\asr_record_demo\asr_record_demo.c(152): warning C4996: '_snprintf': This function or variable may be unsafe. Consider using _snprintf_s instead. To disable deprecation, use _CRT_SECURE_NO_WARNINGS. See online help for details.
                 c:\program files (x86)\microsoft visual studio 10.0\vc\include\stdio.h(363) : 参见“_snprintf”的声明
     1>c:\users\yili\desktop\windows_aitalk_1135\examples\asr_record_demo\asr_record_demo.c(157): warning C4101: “orig”: 未引用的局部变量
     1>c:\users\yili\desktop\windows_aitalk_1135\examples\asr_record_demo\asr_record_demo.c(249): warning C4996: 'strncat': This function or variable may be unsafe. Consider using strncat_s instead. To disable deprecation, use _CRT_SECURE_NO_WARNINGS. See online help for details.
                 c:\program files (x86)\microsoft visual studio 10.0\vc\include\string.h(175) : 参见“strncat”的声明
     1>c:\users\yili\desktop\windows_aitalk_1135\examples\asr_record_demo\asr_record_demo.c(293): warning C4996: 'fopen': This function or variable may be unsafe. Consider using fopen_s instead. To disable deprecation, use _CRT_SECURE_NO_WARNINGS. See online help for details.
                 c:\program files (x86)\microsoft visual studio 10.0\vc\include\stdio.h(234) : 参见“fopen”的声明
     1>c:\users\yili\desktop\windows_aitalk_1135\examples\asr_record_demo\asr_record_demo.c(479): warning C4047: “初始化”:“char”与“void *”的间接级别不同
     1>c:\users\yili\desktop\windows_aitalk_1135\examples\asr_record_demo\asr_record_demo.c(505): warning C4996: '_snprintf': This function or variable may be unsafe. Consider using _snprintf_s instead. To disable deprecation, use _CRT_SECURE_NO_WARNINGS. See online help for details.
                 c:\program files (x86)\microsoft visual studio 10.0\vc\include\stdio.h(363) : 参见“_snprintf”的声明
     1>c:\users\yili\desktop\windows_aitalk_1135\examples\asr_record_demo\asr_record_demo.c(507): warning C4996: 'scanf': This function or variable may be unsafe. Consider using scanf_s instead. To disable deprecation, use _CRT_SECURE_NO_WARNINGS. See online help for details.
                 c:\program files (x86)\microsoft visual studio 10.0\vc\include\stdio.h(304) : 参见“scanf”的声明
     1>c:\users\yili\desktop\windows_aitalk_1135\examples\asr_record_demo\asr_record_demo.c(541): warning C4996: '_sleep': This function or variable has been superceded by newer library or operating system functionality. Consider using Sleep instead. See online help for details.
                 c:\program files (x86)\microsoft visual studio 10.0\vc\include\stdlib.h(843) : 参见“_sleep”的声明
     1>c:\users\yili\desktop\windows_aitalk_1135\examples\asr_record_demo\asr_record_demo.c(560): warning C4996: '_sleep': This function or variable has been superceded by newer library or operating system functionality. Consider using Sleep instead. See online help for details.
                 c:\program files (x86)\microsoft visual studio 10.0\vc\include\stdlib.h(843) : 参见“_sleep”的声明
       ManifestResourceCompile:
         所有输出均为最新。
       Link:
         C:\Program Files (x86)\Microsoft Visual Studio 10.0\VC\bin\link.exe /ERRORREPORT:PROMPT /OUT:"C:\Users\yili\Desktop\Windows_aitalk_1135\Debug\asr_record_demo.exe" /INCREMENTAL /NOLOGO kernel32.lib user32.lib gdi32.lib winspool.lib comdlg32.lib advapi32.lib shell32.lib ole32.lib oleaut32.lib uuid.lib odbc32.lib odbccp32.lib /MANIFEST /ManifestFile:"Debug\asr_record_demo.exe.intermediate.manifest" /MANIFESTUAC:"level='asInvoker' uiAccess='false'" /DEBUG /PDB:"C:\Users\yili\Desktop\Windows_aitalk_1135\Debug\asr_record_demo.pdb" /SUBSYSTEM:CONSOLE /TLBID:1 /DYNAMICBASE /NXCOMPAT /IMPLIB:"C:\Users\yili\Desktop\Windows_aitalk_1135\Debug\asr_record_demo.lib" /MACHINE:X86 Debug\asr_record_demo.exe.embed.manifest.res
         Debug\asr_record_demo.obj
         Debug\speech_recognizer.obj
         Debug\winrec.obj
       Manifest:
         c:\Program Files (x86)\Microsoft SDKs\Windows\v7.0A\bin\mt.exe /nologo /verbose /out:"Debug\asr_record_demo.exe.embed.manifest" /manifest Debug\asr_record_demo.exe.intermediate.manifest
         所有输出均为最新。
       LinkEmbedManifest:
         所有输出均为最新。
         asr_record_demo.vcxproj -> C:\Users\yili\Desktop\Windows_aitalk_1135\Debug\asr_record_demo.exe
       FinalizeBuildStatus:
         正在删除文件“Debug\asr_record_demo.unsuccessfulbuild”。
         正在对“Debug\asr_record_demo.lastbuildstate”执行 Touch 任务。
     1>已完成生成项目“C:\Users\yili\Desktop\Windows_aitalk_1135\examples\asr_record_demo\asr_record_demo.vcxproj”(build 个目标)的操作。

生成成功。

已用时间 00:00:00.89
