F:\PROJECT ENGINEERING\WINDOWS-HELLO-VPR\程序代码\VOICEPRINT RECOGNITION\DEBUG\VOICEPRINT RECOGNITION.EXE
F:\PROJECT ENGINEERING\WINDOWS-HELLO-VPR\程序代码\VOICEPRINT RECOGNITION\DEBUG\VOICEPRINT RECOGNITION.ILK
F:\PROJECT ENGINEERING\WINDOWS-HELLO-VPR\程序代码\VOICEPRINT RECOGNITION\DEBUG\VOICEPRINT RECOGNITION.PDB
F:\PROJECT ENGINEERING\WINDOWS-HELLO-VPR\程序代码\VOICEPRINT RECOGNITION\VOICEPRINT RECOGNITION\DEBUG\CCHINESECODE.OBJ
F:\Project Engineering\Windows-Hello-VPR\程序代码\Voiceprint Recognition\Voiceprint Recognition\Debug\cl.command.1.tlog
F:\Project Engineering\Windows-Hello-VPR\程序代码\Voiceprint Recognition\Voiceprint Recognition\Debug\CL.read.1.tlog
F:\Project Engineering\Windows-Hello-VPR\程序代码\Voiceprint Recognition\Voiceprint Recognition\Debug\CL.write.1.tlog
F:\Project Engineering\Windows-Hello-VPR\程序代码\Voiceprint Recognition\Voiceprint Recognition\Debug\link.10552.read.1.tlog
F:\Project Engineering\Windows-Hello-VPR\程序代码\Voiceprint Recognition\Voiceprint Recognition\Debug\link.10552.write.1.tlog
F:\Project Engineering\Windows-Hello-VPR\程序代码\Voiceprint Recognition\Voiceprint Recognition\Debug\link.10552-cvtres.read.1.tlog
F:\Project Engineering\Windows-Hello-VPR\程序代码\Voiceprint Recognition\Voiceprint Recognition\Debug\link.10552-cvtres.write.1.tlog
F:\Project Engineering\Windows-Hello-VPR\程序代码\Voiceprint Recognition\Voiceprint Recognition\Debug\link.11696.read.1.tlog
F:\Project Engineering\Windows-Hello-VPR\程序代码\Voiceprint Recognition\Voiceprint Recognition\Debug\link.11696.write.1.tlog
F:\Project Engineering\Windows-Hello-VPR\程序代码\Voiceprint Recognition\Voiceprint Recognition\Debug\link.11696-cvtres.read.1.tlog
F:\Project Engineering\Windows-Hello-VPR\程序代码\Voiceprint Recognition\Voiceprint Recognition\Debug\link.11696-cvtres.write.1.tlog
F:\Project Engineering\Windows-Hello-VPR\程序代码\Voiceprint Recognition\Voiceprint Recognition\Debug\link.13372.read.1.tlog
F:\Project Engineering\Windows-Hello-VPR\程序代码\Voiceprint Recognition\Voiceprint Recognition\Debug\link.13372.write.1.tlog
F:\Project Engineering\Windows-Hello-VPR\程序代码\Voiceprint Recognition\Voiceprint Recognition\Debug\link.13372-cvtres.read.1.tlog
F:\Project Engineering\Windows-Hello-VPR\程序代码\Voiceprint Recognition\Voiceprint Recognition\Debug\link.13372-cvtres.write.1.tlog
F:\Project Engineering\Windows-Hello-VPR\程序代码\Voiceprint Recognition\Voiceprint Recognition\Debug\link.6212.read.1.tlog
F:\Project Engineering\Windows-Hello-VPR\程序代码\Voiceprint Recognition\Voiceprint Recognition\Debug\link.6212.write.1.tlog
F:\Project Engineering\Windows-Hello-VPR\程序代码\Voiceprint Recognition\Voiceprint Recognition\Debug\link.6212-cvtres.read.1.tlog
F:\Project Engineering\Windows-Hello-VPR\程序代码\Voiceprint Recognition\Voiceprint Recognition\Debug\link.6212-cvtres.write.1.tlog
F:\Project Engineering\Windows-Hello-VPR\程序代码\Voiceprint Recognition\Voiceprint Recognition\Debug\link.8608.read.1.tlog
F:\Project Engineering\Windows-Hello-VPR\程序代码\Voiceprint Recognition\Voiceprint Recognition\Debug\link.8608.write.1.tlog
F:\Project Engineering\Windows-Hello-VPR\程序代码\Voiceprint Recognition\Voiceprint Recognition\Debug\link.8608-cvtres.read.1.tlog
F:\Project Engineering\Windows-Hello-VPR\程序代码\Voiceprint Recognition\Voiceprint Recognition\Debug\link.8608-cvtres.write.1.tlog
F:\Project Engineering\Windows-Hello-VPR\程序代码\Voiceprint Recognition\Voiceprint Recognition\Debug\link.command.1.tlog
F:\Project Engineering\Windows-Hello-VPR\程序代码\Voiceprint Recognition\Voiceprint Recognition\Debug\link.read.1.tlog
F:\Project Engineering\Windows-Hello-VPR\程序代码\Voiceprint Recognition\Voiceprint Recognition\Debug\link.write.1.tlog
F:\Project Engineering\Windows-Hello-VPR\程序代码\Voiceprint Recognition\Voiceprint Recognition\Debug\link-cvtres.read.1.tlog
F:\Project Engineering\Windows-Hello-VPR\程序代码\Voiceprint Recognition\Voiceprint Recognition\Debug\link-cvtres.write.1.tlog
F:\PROJECT ENGINEERING\WINDOWS-HELLO-VPR\程序代码\VOICEPRINT RECOGNITION\VOICEPRINT RECOGNITION\DEBUG\MODEL_GMM.OBJ
F:\PROJECT ENGINEERING\WINDOWS-HELLO-VPR\程序代码\VOICEPRINT RECOGNITION\VOICEPRINT RECOGNITION\DEBUG\MODEL_KMEANS.OBJ
F:\Project Engineering\Windows-Hello-VPR\程序代码\Voiceprint Recognition\Voiceprint Recognition\Debug\mt.command.1.tlog
F:\Project Engineering\Windows-Hello-VPR\程序代码\Voiceprint Recognition\Voiceprint Recognition\Debug\mt.read.1.tlog
F:\Project Engineering\Windows-Hello-VPR\程序代码\Voiceprint Recognition\Voiceprint Recognition\Debug\mt.write.1.tlog
F:\Project Engineering\Windows-Hello-VPR\程序代码\Voiceprint Recognition\Voiceprint Recognition\Debug\rc.command.1.tlog
F:\Project Engineering\Windows-Hello-VPR\程序代码\Voiceprint Recognition\Voiceprint Recognition\Debug\rc.read.1.tlog
F:\Project Engineering\Windows-Hello-VPR\程序代码\Voiceprint Recognition\Voiceprint Recognition\Debug\rc.write.1.tlog
F:\PROJECT ENGINEERING\WINDOWS-HELLO-VPR\程序代码\VOICEPRINT RECOGNITION\VOICEPRINT RECOGNITION\DEBUG\SHOCKWAVEFLASH.OBJ
F:\PROJECT ENGINEERING\WINDOWS-HELLO-VPR\程序代码\VOICEPRINT RECOGNITION\VOICEPRINT RECOGNITION\DEBUG\STDAFX.OBJ
F:\Project Engineering\Windows-Hello-VPR\程序代码\Voiceprint Recognition\Voiceprint Recognition\Debug\vc100.idb
F:\PROJECT ENGINEERING\WINDOWS-HELLO-VPR\程序代码\VOICEPRINT RECOGNITION\VOICEPRINT RECOGNITION\DEBUG\VC100.PDB
F:\PROJECT ENGINEERING\WINDOWS-HELLO-VPR\程序代码\VOICEPRINT RECOGNITION\VOICEPRINT RECOGNITION\DEBUG\VOICEPRINT RECOGNITION.EXE.EMBED.MANIFEST
F:\PROJECT ENGINEERING\WINDOWS-HELLO-VPR\程序代码\VOICEPRINT RECOGNITION\VOICEPRINT RECOGNITION\DEBUG\VOICEPRINT RECOGNITION.EXE.EMBED.MANIFEST.RES
F:\PROJECT ENGINEERING\WINDOWS-HELLO-VPR\程序代码\VOICEPRINT RECOGNITION\VOICEPRINT RECOGNITION\DEBUG\VOICEPRINT RECOGNITION.EXE.INTERMEDIATE.MANIFEST
F:\PROJECT ENGINEERING\WINDOWS-HELLO-VPR\程序代码\VOICEPRINT RECOGNITION\VOICEPRINT RECOGNITION\DEBUG\VOICEPRINT RECOGNITION.OBJ
F:\PROJECT ENGINEERING\WINDOWS-HELLO-VPR\程序代码\VOICEPRINT RECOGNITION\VOICEPRINT RECOGNITION\DEBUG\VOICEPRINT RECOGNITION.PCH
F:\PROJECT ENGINEERING\WINDOWS-HELLO-VPR\程序代码\VOICEPRINT RECOGNITION\VOICEPRINT RECOGNITION\DEBUG\VOICEPRINT RECOGNITION.RES
F:\Project Engineering\Windows-Hello-VPR\程序代码\Voiceprint Recognition\Voiceprint Recognition\Debug\Voiceprint Recognition.vcxprojResolveAssemblyReference.cache
F:\Project Engineering\Windows-Hello-VPR\程序代码\Voiceprint Recognition\Voiceprint Recognition\Debug\Voiceprint Recognition.write.1.tlog
F:\Project Engineering\Windows-Hello-VPR\程序代码\Voiceprint Recognition\Voiceprint Recognition\Debug\Voiceprint Recognition_manifest.rc
F:\PROJECT ENGINEERING\WINDOWS-HELLO-VPR\程序代码\VOICEPRINT RECOGNITION\VOICEPRINT RECOGNITION\DEBUG\VOICEPRINT RECOGNITIONDLG RESPONSE.OBJ
F:\PROJECT ENGINEERING\WINDOWS-HELLO-VPR\程序代码\VOICEPRINT RECOGNITION\VOICEPRINT RECOGNITION\DEBUG\VOICEPRINT RECOGNITIONDLG.OBJ
F:\PROJECT ENGINEERING\WINDOWS-HELLO-VPR\程序代码\VOICEPRINT RECOGNITION\VOICEPRINT RECOGNITION\DEBUG\WAVDATA_CHARAPARAMETER.OBJ
F:\PROJECT ENGINEERING\WINDOWS-HELLO-VPR\程序代码\VOICEPRINT RECOGNITION\VOICEPRINT RECOGNITION\DEBUG\WAVDATA_SUPPORTFUNCTION.OBJ
F:\PROJECT ENGINEERING\WINDOWS-HELLO-VPR\程序代码\VOICEPRINT RECOGNITION\VOICEPRINT RECOGNITION\DEBUG\WAVERECORDER.OBJ
F:\PROJECT ENGINEERING\WINDOWS-HELLO-VPR\程序代码\VOICEPRINT RECOGNITION\VOICEPRINT RECOGNITION\DEBUG\WAVFILE_INITIAL.OBJ
F:\PROJECT ENGINEERING\WINDOWS-HELLO-VPR\程序代码\VOICEPRINT RECOGNITION\VOICEPRINT RECOGNITION\DEBUG\WAVFILE_STRUCT.OBJ
