生成启动时间为 2017/8/2 9:54:41。
     1>项目“F:\Project Engineering\Windows-Hello-VPR\程序代码\Voiceprint Recognition\Voiceprint Recognition\Voiceprint Recognition.vcxproj”在节点 2 上(build 个目标)。
     1>InitializeBuildStatus:
         正在创建“Debug\Voiceprint Recognition.unsuccessfulbuild”，因为已指定“AlwaysCreate”。
       ClCompile:
         所有输出均为最新。
         所有输出均为最新。
       ResourceCompile:
         C:\Program Files (x86)\Microsoft SDKs\Windows\v7.0A\bin\rc.exe /D _DEBUG /D _UNICODE /D UNICODE /l"0x0804" /IDebug\ /nologo /fo"Debug\Voiceprint Recognition.res" "Voiceprint Recognition.rc" 
       ManifestResourceCompile:
         所有输出均为最新。
       Link:
         C:\Program Files (x86)\Microsoft Visual Studio 10.0\VC\bin\link.exe /ERRORREPORT:PROMPT /OUT:"F:\Project Engineering\Windows-Hello-VPR\程序代码\Voiceprint Recognition\Debug\Voiceprint Recognition.exe" /INCREMENTAL /NOLOGO /MANIFEST /ManifestFile:"Debug\Voiceprint Recognition.exe.intermediate.manifest" /MANIFESTUAC:"level='asInvoker' uiAccess='false'" /DEBUG /PDB:"F:\Project Engineering\Windows-Hello-VPR\程序代码\Voiceprint Recognition\Debug\Voiceprint Recognition.pdb" /SUBSYSTEM:WINDOWS /TLBID:1 /ENTRY:"wWinMainCRTStartup" /DYNAMICBASE /NXCOMPAT /IMPLIB:"F:\Project Engineering\Windows-Hello-VPR\程序代码\Voiceprint Recognition\Debug\Voiceprint Recognition.lib" /MACHINE:X86 "Debug\Voiceprint Recognition.res"
         "Debug\Voiceprint Recognition.exe.embed.manifest.res"
         Debug\Shockwaveflash.obj
         Debug\stdafx.obj
         "Debug\Voiceprint Recognition.obj"
         "Debug\Voiceprint RecognitionDlg.obj"
       Manifest:
         C:\Program Files (x86)\Microsoft SDKs\Windows\v7.0A\bin\mt.exe /nologo /verbose /out:"Debug\Voiceprint Recognition.exe.embed.manifest" /manifest "Debug\Voiceprint Recognition.exe.intermediate.manifest" "C:\Program Files (x86)\Microsoft Visual Studio 10.0\VC\Include\Manifest\dpiaware.manifest"
         所有输出均为最新。
       LinkEmbedManifest:
         所有输出均为最新。
         Voiceprint Recognition.vcxproj -> F:\Project Engineering\Windows-Hello-VPR\程序代码\Voiceprint Recognition\Debug\Voiceprint Recognition.exe
       FinalizeBuildStatus:
         正在删除文件“Debug\Voiceprint Recognition.unsuccessfulbuild”。
         正在对“Debug\Voiceprint Recognition.lastbuildstate”执行 Touch 任务。
     1>已完成生成项目“F:\Project Engineering\Windows-Hello-VPR\程序代码\Voiceprint Recognition\Voiceprint Recognition\Voiceprint Recognition.vcxproj”(build 个目标)的操作。

生成成功。

已用时间 00:00:00.82
