F:\PROJECT ENGINEERING\WINDOWS-HELLO-VPR\程序代码\SUPPORT PROJECT\RECORD\RECORD BY OPENCLASS\DEBUG\RECORD BY OPENCLASS.EXE
F:\PROJECT ENGINEERING\WINDOWS-HELLO-VPR\程序代码\SUPPORT PROJECT\RECORD\RECORD BY OPENCLASS\DEBUG\RECORD BY OPENCLASS.ILK
F:\PROJECT ENGINEERING\WINDOWS-HELLO-VPR\程序代码\SUPPORT PROJECT\RECORD\RECORD BY OPENCLASS\DEBUG\RECORD BY OPENCLASS.PDB
F:\Project Engineering\Windows-Hello-VPR\程序代码\Support Project\Record\Record by openClass\Record by openClass\Debug\cl.command.1.tlog
F:\Project Engineering\Windows-Hello-VPR\程序代码\Support Project\Record\Record by openClass\Record by openClass\Debug\CL.read.1.tlog
F:\Project Engineering\Windows-Hello-VPR\程序代码\Support Project\Record\Record by openClass\Record by openClass\Debug\CL.write.1.tlog
F:\Project Engineering\Windows-Hello-VPR\程序代码\Support Project\Record\Record by openClass\Record by openClass\Debug\link.12640.read.1.tlog
F:\Project Engineering\Windows-Hello-VPR\程序代码\Support Project\Record\Record by openClass\Record by openClass\Debug\link.12640.write.1.tlog
F:\Project Engineering\Windows-Hello-VPR\程序代码\Support Project\Record\Record by openClass\Record by openClass\Debug\link.12640-cvtres.read.1.tlog
F:\Project Engineering\Windows-Hello-VPR\程序代码\Support Project\Record\Record by openClass\Record by openClass\Debug\link.12640-cvtres.write.1.tlog
F:\Project Engineering\Windows-Hello-VPR\程序代码\Support Project\Record\Record by openClass\Record by openClass\Debug\link.command.1.tlog
F:\Project Engineering\Windows-Hello-VPR\程序代码\Support Project\Record\Record by openClass\Record by openClass\Debug\link.read.1.tlog
F:\Project Engineering\Windows-Hello-VPR\程序代码\Support Project\Record\Record by openClass\Record by openClass\Debug\link.write.1.tlog
F:\Project Engineering\Windows-Hello-VPR\程序代码\Support Project\Record\Record by openClass\Record by openClass\Debug\link-cvtres.read.1.tlog
F:\Project Engineering\Windows-Hello-VPR\程序代码\Support Project\Record\Record by openClass\Record by openClass\Debug\link-cvtres.write.1.tlog
F:\Project Engineering\Windows-Hello-VPR\程序代码\Support Project\Record\Record by openClass\Record by openClass\Debug\mt.command.1.tlog
F:\Project Engineering\Windows-Hello-VPR\程序代码\Support Project\Record\Record by openClass\Record by openClass\Debug\mt.read.1.tlog
F:\Project Engineering\Windows-Hello-VPR\程序代码\Support Project\Record\Record by openClass\Record by openClass\Debug\mt.write.1.tlog
F:\Project Engineering\Windows-Hello-VPR\程序代码\Support Project\Record\Record by openClass\Record by openClass\Debug\rc.command.1.tlog
F:\Project Engineering\Windows-Hello-VPR\程序代码\Support Project\Record\Record by openClass\Record by openClass\Debug\rc.read.1.tlog
F:\Project Engineering\Windows-Hello-VPR\程序代码\Support Project\Record\Record by openClass\Record by openClass\Debug\rc.write.1.tlog
F:\PROJECT ENGINEERING\WINDOWS-HELLO-VPR\程序代码\SUPPORT PROJECT\RECORD\RECORD BY OPENCLASS\RECORD BY OPENCLASS\DEBUG\RECORD BY OPENCLASS.EXE.EMBED.MANIFEST
F:\PROJECT ENGINEERING\WINDOWS-HELLO-VPR\程序代码\SUPPORT PROJECT\RECORD\RECORD BY OPENCLASS\RECORD BY OPENCLASS\DEBUG\RECORD BY OPENCLASS.EXE.EMBED.MANIFEST.RES
F:\PROJECT ENGINEERING\WINDOWS-HELLO-VPR\程序代码\SUPPORT PROJECT\RECORD\RECORD BY OPENCLASS\RECORD BY OPENCLASS\DEBUG\RECORD BY OPENCLASS.EXE.INTERMEDIATE.MANIFEST
F:\Project Engineering\Windows-Hello-VPR\程序代码\Support Project\Record\Record by openClass\Record by openClass\Debug\Record by openClass.vcxprojResolveAssemblyReference.cache
F:\Project Engineering\Windows-Hello-VPR\程序代码\Support Project\Record\Record by openClass\Record by openClass\Debug\Record by openClass.write.1.tlog
F:\Project Engineering\Windows-Hello-VPR\程序代码\Support Project\Record\Record by openClass\Record by openClass\Debug\Record by openClass_manifest.rc
F:\PROJECT ENGINEERING\WINDOWS-HELLO-VPR\程序代码\SUPPORT PROJECT\RECORD\RECORD BY OPENCLASS\RECORD BY OPENCLASS\DEBUG\RUNTEST.OBJ
F:\Project Engineering\Windows-Hello-VPR\程序代码\Support Project\Record\Record by openClass\Record by openClass\Debug\vc100.idb
F:\PROJECT ENGINEERING\WINDOWS-HELLO-VPR\程序代码\SUPPORT PROJECT\RECORD\RECORD BY OPENCLASS\RECORD BY OPENCLASS\DEBUG\VC100.PDB
F:\PROJECT ENGINEERING\WINDOWS-HELLO-VPR\程序代码\SUPPORT PROJECT\RECORD\RECORD BY OPENCLASS\RECORD BY OPENCLASS\DEBUG\WAVERECORDER.OBJ
