生成启动时间为 2017/8/8 10:51:42。
     1>项目“F:\Project Engineering\Windows-Hello-VPR\程序代码\Support Project\WritetoBackground\WritetoBackground\WritetoBackground.vcxproj”在节点 2 上(build 个目标)。
     1>InitializeBuildStatus:
         正在创建“Debug\WritetoBackground.unsuccessfulbuild”，因为已指定“AlwaysCreate”。
       ClCompile:
         C:\Program Files (x86)\Microsoft Visual Studio 10.0\VC\bin\CL.exe /c /ZI /nologo /W3 /WX- /Od /Oy- /D WIN32 /D _DEBUG /D _CONSOLE /D _UNICODE /D UNICODE /Gm /EHsc /RTC1 /MT /GS /fp:precise /Zc:wchar_t /Zc:forScope /Fo"Debug\\" /Fd"Debug\vc100.pdb" /Gd /TP /analyze- /errorReport:prompt SourceMain.cpp
         SourceMain.cpp
         _WIN32_WINNT not defined. Defaulting to _WIN32_WINNT_MAXVER (see WinSDKVer.h)
       ManifestResourceCompile:
         所有输出均为最新。
       Link:
         C:\Program Files (x86)\Microsoft Visual Studio 10.0\VC\bin\link.exe /ERRORREPORT:PROMPT /OUT:"F:\Project Engineering\Windows-Hello-VPR\程序代码\Support Project\WritetoBackground\Debug\WritetoBackground.exe" /INCREMENTAL /NOLOGO kernel32.lib user32.lib gdi32.lib winspool.lib comdlg32.lib advapi32.lib shell32.lib ole32.lib oleaut32.lib uuid.lib odbc32.lib odbccp32.lib /MANIFEST /ManifestFile:"Debug\WritetoBackground.exe.intermediate.manifest" /MANIFESTUAC:"level='asInvoker' uiAccess='false'" /DEBUG /PDB:"F:\Project Engineering\Windows-Hello-VPR\程序代码\Support Project\WritetoBackground\Debug\WritetoBackground.pdb" /SUBSYSTEM:CONSOLE /TLBID:1 /DYNAMICBASE /NXCOMPAT /IMPLIB:"F:\Project Engineering\Windows-Hello-VPR\程序代码\Support Project\WritetoBackground\Debug\WritetoBackground.lib" /MACHINE:X86 Debug\WritetoBackground.exe.embed.manifest.res
         Debug\SourceMain.obj
       Manifest:
         C:\Program Files (x86)\Microsoft SDKs\Windows\v7.0A\bin\mt.exe /nologo /verbose /out:"Debug\WritetoBackground.exe.embed.manifest" /manifest Debug\WritetoBackground.exe.intermediate.manifest
         所有输出均为最新。
       LinkEmbedManifest:
         所有输出均为最新。
         WritetoBackground.vcxproj -> F:\Project Engineering\Windows-Hello-VPR\程序代码\Support Project\WritetoBackground\Debug\WritetoBackground.exe
       FinalizeBuildStatus:
         正在删除文件“Debug\WritetoBackground.unsuccessfulbuild”。
         正在对“Debug\WritetoBackground.lastbuildstate”执行 Touch 任务。
     1>已完成生成项目“F:\Project Engineering\Windows-Hello-VPR\程序代码\Support Project\WritetoBackground\WritetoBackground\WritetoBackground.vcxproj”(build 个目标)的操作。

生成成功。

已用时间 00:00:02.30
