生成启动时间为 2017/10/1 21:12:39。
     1>项目“F:\Project Engineering\Windows-Hello-VPR\程序代码\Support Project\LogSystem\VPR-LogSystem\VPR-LogSystem\VPR-LogSystem.vcxproj”在节点 2 上(build 个目标)。
     1>InitializeBuildStatus:
         正在创建“Debug\VPR-LogSystem.unsuccessfulbuild”，因为已指定“AlwaysCreate”。
       ClCompile:
         C:\Program Files (x86)\Microsoft Visual Studio 10.0\VC\bin\CL.exe /c /ZI /nologo /W3 /WX- /Od /Oy- /D WIN32 /D _DEBUG /D _CONSOLE /D _UNICODE /D UNICODE /Gm /EHsc /RTC1 /MDd /GS /fp:precise /Zc:wchar_t /Zc:forScope /Fo"Debug\\" /Fd"Debug\vc100.pdb" /Gd /TP /analyze- /errorReport:prompt SourseMain.cpp
         SourseMain.cpp
     1>f:\project engineering\windows-hello-vpr\程序代码\support project\logsystem\vpr-logsystem\vpr-logsystem\logsystem.h(83): warning C4996: 'mkdir': The POSIX name for this item is deprecated. Instead, use the ISO C++ conformant name: _mkdir. See online help for details.
                 c:\program files (x86)\microsoft visual studio 10.0\vc\include\direct.h(124) : 参见“mkdir”的声明
     1>f:\project engineering\windows-hello-vpr\程序代码\support project\logsystem\vpr-logsystem\vpr-logsystem\logsystem.h(90): warning C4996: 'localtime': This function or variable may be unsafe. Consider using localtime_s instead. To disable deprecation, use _CRT_SECURE_NO_WARNINGS. See online help for details.
                 c:\program files (x86)\microsoft visual studio 10.0\vc\include\time.inl(112) : 参见“localtime”的声明
     1>f:\project engineering\windows-hello-vpr\程序代码\support project\logsystem\vpr-logsystem\vpr-logsystem\logsystem.h(100): warning C4996: 'sprintf': This function or variable may be unsafe. Consider using sprintf_s instead. To disable deprecation, use _CRT_SECURE_NO_WARNINGS. See online help for details.
                 c:\program files (x86)\microsoft visual studio 10.0\vc\include\stdio.h(371) : 参见“sprintf”的声明
     1>f:\project engineering\windows-hello-vpr\程序代码\support project\logsystem\vpr-logsystem\vpr-logsystem\logsystem.h(117): warning C4244: “初始化”: 从“std::streamoff”转换到“int”，可能丢失数据
       ManifestResourceCompile:
         所有输出均为最新。
       Link:
         C:\Program Files (x86)\Microsoft Visual Studio 10.0\VC\bin\link.exe /ERRORREPORT:PROMPT /OUT:"F:\Project Engineering\Windows-Hello-VPR\程序代码\Support Project\LogSystem\VPR-LogSystem\Debug\VPR-LogSystem.exe" /INCREMENTAL /NOLOGO kernel32.lib user32.lib gdi32.lib winspool.lib comdlg32.lib advapi32.lib shell32.lib ole32.lib oleaut32.lib uuid.lib odbc32.lib odbccp32.lib /MANIFEST /ManifestFile:"Debug\VPR-LogSystem.exe.intermediate.manifest" /MANIFESTUAC:"level='asInvoker' uiAccess='false'" /DEBUG /PDB:"F:\Project Engineering\Windows-Hello-VPR\程序代码\Support Project\LogSystem\VPR-LogSystem\Debug\VPR-LogSystem.pdb" /SUBSYSTEM:CONSOLE /TLBID:1 /DYNAMICBASE /NXCOMPAT /IMPLIB:"F:\Project Engineering\Windows-Hello-VPR\程序代码\Support Project\LogSystem\VPR-LogSystem\Debug\VPR-LogSystem.lib" /MACHINE:X86 "Debug\VPR-LogSystem.exe.embed.manifest.res"
         Debug\SocketClient.obj
         Debug\SourseMain.obj
       Manifest:
         C:\Program Files (x86)\Microsoft SDKs\Windows\v7.0A\bin\mt.exe /nologo /verbose /out:"Debug\VPR-LogSystem.exe.embed.manifest" /manifest "Debug\VPR-LogSystem.exe.intermediate.manifest"
         所有输出均为最新。
       LinkEmbedManifest:
         所有输出均为最新。
         VPR-LogSystem.vcxproj -> F:\Project Engineering\Windows-Hello-VPR\程序代码\Support Project\LogSystem\VPR-LogSystem\Debug\VPR-LogSystem.exe
       FinalizeBuildStatus:
         正在删除文件“Debug\VPR-LogSystem.unsuccessfulbuild”。
         正在对“Debug\VPR-LogSystem.lastbuildstate”执行 Touch 任务。
     1>已完成生成项目“F:\Project Engineering\Windows-Hello-VPR\程序代码\Support Project\LogSystem\VPR-LogSystem\VPR-LogSystem\VPR-LogSystem.vcxproj”(build 个目标)的操作。

生成成功。

已用时间 00:00:01.57
