F:\PROJECT ENGINEERING\WINDOWS-HELLO-VPR\程序代码\SUPPORT PROJECT\LOGSYSTEM\VPR-LOGSYSTEM\DEBUG\VPR-LOGSYSTEM.EXE
F:\PROJECT ENGINEERING\WINDOWS-HELLO-VPR\程序代码\SUPPORT PROJECT\LOGSYSTEM\VPR-LOGSYSTEM\DEBUG\VPR-LOGSYSTEM.ILK
F:\PROJECT ENGINEERING\WINDOWS-HELLO-VPR\程序代码\SUPPORT PROJECT\LOGSYSTEM\VPR-LOGSYSTEM\DEBUG\VPR-LOGSYSTEM.PDB
F:\Project Engineering\Windows-Hello-VPR\程序代码\Support Project\LogSystem\VPR-LogSystem\VPR-LogSystem\Debug\cl.command.1.tlog
F:\Project Engineering\Windows-Hello-VPR\程序代码\Support Project\LogSystem\VPR-LogSystem\VPR-LogSystem\Debug\CL.read.1.tlog
F:\Project Engineering\Windows-Hello-VPR\程序代码\Support Project\LogSystem\VPR-LogSystem\VPR-LogSystem\Debug\CL.write.1.tlog
F:\Project Engineering\Windows-Hello-VPR\程序代码\Support Project\LogSystem\VPR-LogSystem\VPR-LogSystem\Debug\link.12816.read.1.tlog
F:\Project Engineering\Windows-Hello-VPR\程序代码\Support Project\LogSystem\VPR-LogSystem\VPR-LogSystem\Debug\link.12816.write.1.tlog
F:\Project Engineering\Windows-Hello-VPR\程序代码\Support Project\LogSystem\VPR-LogSystem\VPR-LogSystem\Debug\link.12816-cvtres.read.1.tlog
F:\Project Engineering\Windows-Hello-VPR\程序代码\Support Project\LogSystem\VPR-LogSystem\VPR-LogSystem\Debug\link.12816-cvtres.write.1.tlog
F:\Project Engineering\Windows-Hello-VPR\程序代码\Support Project\LogSystem\VPR-LogSystem\VPR-LogSystem\Debug\link.12996.read.1.tlog
F:\Project Engineering\Windows-Hello-VPR\程序代码\Support Project\LogSystem\VPR-LogSystem\VPR-LogSystem\Debug\link.12996.write.1.tlog
F:\Project Engineering\Windows-Hello-VPR\程序代码\Support Project\LogSystem\VPR-LogSystem\VPR-LogSystem\Debug\link.12996-cvtres.read.1.tlog
F:\Project Engineering\Windows-Hello-VPR\程序代码\Support Project\LogSystem\VPR-LogSystem\VPR-LogSystem\Debug\link.12996-cvtres.write.1.tlog
F:\Project Engineering\Windows-Hello-VPR\程序代码\Support Project\LogSystem\VPR-LogSystem\VPR-LogSystem\Debug\link.command.1.tlog
F:\Project Engineering\Windows-Hello-VPR\程序代码\Support Project\LogSystem\VPR-LogSystem\VPR-LogSystem\Debug\link.read.1.tlog
F:\Project Engineering\Windows-Hello-VPR\程序代码\Support Project\LogSystem\VPR-LogSystem\VPR-LogSystem\Debug\link.write.1.tlog
F:\Project Engineering\Windows-Hello-VPR\程序代码\Support Project\LogSystem\VPR-LogSystem\VPR-LogSystem\Debug\link-cvtres.read.1.tlog
F:\Project Engineering\Windows-Hello-VPR\程序代码\Support Project\LogSystem\VPR-LogSystem\VPR-LogSystem\Debug\link-cvtres.write.1.tlog
F:\Project Engineering\Windows-Hello-VPR\程序代码\Support Project\LogSystem\VPR-LogSystem\VPR-LogSystem\Debug\mt.command.1.tlog
F:\Project Engineering\Windows-Hello-VPR\程序代码\Support Project\LogSystem\VPR-LogSystem\VPR-LogSystem\Debug\mt.read.1.tlog
F:\Project Engineering\Windows-Hello-VPR\程序代码\Support Project\LogSystem\VPR-LogSystem\VPR-LogSystem\Debug\mt.write.1.tlog
F:\Project Engineering\Windows-Hello-VPR\程序代码\Support Project\LogSystem\VPR-LogSystem\VPR-LogSystem\Debug\rc.command.1.tlog
F:\Project Engineering\Windows-Hello-VPR\程序代码\Support Project\LogSystem\VPR-LogSystem\VPR-LogSystem\Debug\rc.read.1.tlog
F:\Project Engineering\Windows-Hello-VPR\程序代码\Support Project\LogSystem\VPR-LogSystem\VPR-LogSystem\Debug\rc.write.1.tlog
F:\PROJECT ENGINEERING\WINDOWS-HELLO-VPR\程序代码\SUPPORT PROJECT\LOGSYSTEM\VPR-LOGSYSTEM\VPR-LOGSYSTEM\DEBUG\SOURSEMAIN.OBJ
F:\Project Engineering\Windows-Hello-VPR\程序代码\Support Project\LogSystem\VPR-LogSystem\VPR-LogSystem\Debug\vc100.idb
F:\PROJECT ENGINEERING\WINDOWS-HELLO-VPR\程序代码\SUPPORT PROJECT\LOGSYSTEM\VPR-LOGSYSTEM\VPR-LOGSYSTEM\DEBUG\VC100.PDB
F:\PROJECT ENGINEERING\WINDOWS-HELLO-VPR\程序代码\SUPPORT PROJECT\LOGSYSTEM\VPR-LOGSYSTEM\VPR-LOGSYSTEM\DEBUG\VPR-LOGSYSTEM.EXE.EMBED.MANIFEST
F:\PROJECT ENGINEERING\WINDOWS-HELLO-VPR\程序代码\SUPPORT PROJECT\LOGSYSTEM\VPR-LOGSYSTEM\VPR-LOGSYSTEM\DEBUG\VPR-LOGSYSTEM.EXE.EMBED.MANIFEST.RES
F:\PROJECT ENGINEERING\WINDOWS-HELLO-VPR\程序代码\SUPPORT PROJECT\LOGSYSTEM\VPR-LOGSYSTEM\VPR-LOGSYSTEM\DEBUG\VPR-LOGSYSTEM.EXE.INTERMEDIATE.MANIFEST
F:\Project Engineering\Windows-Hello-VPR\程序代码\Support Project\LogSystem\VPR-LogSystem\VPR-LogSystem\Debug\VPR-LogSystem.vcxprojResolveAssemblyReference.cache
F:\Project Engineering\Windows-Hello-VPR\程序代码\Support Project\LogSystem\VPR-LogSystem\VPR-LogSystem\Debug\VPR-LogSystem.write.1.tlog
F:\Project Engineering\Windows-Hello-VPR\程序代码\Support Project\LogSystem\VPR-LogSystem\VPR-LogSystem\Debug\VPR-LogSystem_manifest.rc
