生成启动时间为 2018-3-10 14:41:47。
     1>项目“Z:\G\Coding\Windows-Hello-VPR\程序代码\Windows Hello - VPR\Voiceprint Recognition\Voiceprint Recognition.vcxproj”在节点 2 上(build 个目标)。
     1>InitializeBuildStatus:
         正在创建“Debug\Voiceprint Recognition.unsuccessfulbuild”，因为已指定“AlwaysCreate”。
       ClCompile:
         所有输出均为最新。
         所有输出均为最新。
         所有输出均为最新。
       ResourceCompile:
         所有输出均为最新。
       ManifestResourceCompile:
         所有输出均为最新。
       Link:
         所有输出均为最新。
       Manifest:
         所有输出均为最新。
         所有输出均为最新。
       FinalizeBuildStatus:
         正在删除文件“Debug\Voiceprint Recognition.unsuccessfulbuild”。
         正在对“Debug\Voiceprint Recognition.lastbuildstate”执行 Touch 任务。
     1>已完成生成项目“Z:\G\Coding\Windows-Hello-VPR\程序代码\Windows Hello - VPR\Voiceprint Recognition\Voiceprint Recognition.vcxproj”(build 个目标)的操作。

生成成功。

已用时间 00:00:00.43
