生成启动时间为 2017/8/2 11:44:36。
     1>项目“F:\Project Engineering\Windows-Hello-VPR\程序代码\Support Project\Record\Record\Record.vcxproj”在节点 2 上(build 个目标)。
     1>InitializeBuildStatus:
         正在创建“Debug\Record.unsuccessfulbuild”，因为已指定“AlwaysCreate”。
       ClCompile:
         C:\Program Files (x86)\Microsoft Visual Studio 10.0\VC\bin\CL.exe /c /ZI /nologo /W3 /WX- /Od /Oy- /D WIN32 /D _DEBUG /D _CONSOLE /D _UNICODE /D UNICODE /Gm /EHsc /RTC1 /MDd /GS /fp:precise /Zc:wchar_t /Zc:forScope /Fo"Debug\\" /Fd"Debug\vc100.pdb" /Gd /TP /analyze- /errorReport:prompt main.cpp
         main.cpp
       ManifestResourceCompile:
         所有输出均为最新。
       Link:
         C:\Program Files (x86)\Microsoft Visual Studio 10.0\VC\bin\link.exe /ERRORREPORT:PROMPT /OUT:"F:\Project Engineering\Windows-Hello-VPR\程序代码\Support Project\Record\Debug\Record.exe" /INCREMENTAL /NOLOGO kernel32.lib user32.lib gdi32.lib winspool.lib comdlg32.lib advapi32.lib shell32.lib ole32.lib oleaut32.lib uuid.lib odbc32.lib odbccp32.lib /MANIFEST /ManifestFile:"Debug\Record.exe.intermediate.manifest" /MANIFESTUAC:"level='asInvoker' uiAccess='false'" /DEBUG /PDB:"F:\Project Engineering\Windows-Hello-VPR\程序代码\Support Project\Record\Debug\Record.pdb" /SUBSYSTEM:CONSOLE /TLBID:1 /DYNAMICBASE /NXCOMPAT /IMPLIB:"F:\Project Engineering\Windows-Hello-VPR\程序代码\Support Project\Record\Debug\Record.lib" /MACHINE:X86 Debug\Record.exe.embed.manifest.res
         Debug\main.obj
       Manifest:
         C:\Program Files (x86)\Microsoft SDKs\Windows\v7.0A\bin\mt.exe /nologo /verbose /out:"Debug\Record.exe.embed.manifest" /manifest Debug\Record.exe.intermediate.manifest
         所有输出均为最新。
       LinkEmbedManifest:
         所有输出均为最新。
         Record.vcxproj -> F:\Project Engineering\Windows-Hello-VPR\程序代码\Support Project\Record\Debug\Record.exe
       FinalizeBuildStatus:
         正在删除文件“Debug\Record.unsuccessfulbuild”。
         正在对“Debug\Record.lastbuildstate”执行 Touch 任务。
     1>已完成生成项目“F:\Project Engineering\Windows-Hello-VPR\程序代码\Support Project\Record\Record\Record.vcxproj”(build 个目标)的操作。

生成成功。

已用时间 00:00:01.16
