生成启动时间为 2017-11-25 19:04:20。
     1>项目“Z:\Project Engineering\Windows-Hello-VPR\程序代码\参考代码\文件传输安全更新\MD5 C plus plus\MD5\MD5.vcxproj”在节点 2 上(build 个目标)。
     1>InitializeBuildStatus:
         正在对“Debug\MD5.unsuccessfulbuild”执行 Touch 任务。
       ClCompile:
         C:\Program Files\Microsoft Visual Studio 10.0\VC\bin\CL.exe /c /ZI /nologo /W3 /WX- /Od /Oy- /D WIN32 /D _DEBUG /D _CONSOLE /D _UNICODE /D UNICODE /Gm /EHsc /RTC1 /MDd /GS /fp:precise /Zc:wchar_t /Zc:forScope /Fo"Debug\\" /Fd"Debug\vc100.pdb" /Gd /TP /analyze- /errorReport:prompt SourseMain.cpp
         SourseMain.cpp
     1>z:\project engineering\windows-hello-vpr\程序代码\参考代码\文件传输安全更新\md5 c plus plus\md5\soursemain.cpp : warning C4819: 该文件包含不能在当前代码页(936)中表示的字符。请将该文件保存为 Unicode 格式以防止数据丢失
       ManifestResourceCompile:
         C:\Program Files\Microsoft SDKs\Windows\v7.0A\bin\rc.exe /nologo /fo"Debug\MD5.exe.embed.manifest.res" Debug\MD5_manifest.rc 
       Link:
         C:\Program Files\Microsoft Visual Studio 10.0\VC\bin\link.exe /ERRORREPORT:PROMPT /OUT:"Z:\Project Engineering\Windows-Hello-VPR\程序代码\参考代码\文件传输安全更新\MD5 C plus plus\Debug\MD5.exe" /INCREMENTAL /NOLOGO kernel32.lib user32.lib gdi32.lib winspool.lib comdlg32.lib advapi32.lib shell32.lib ole32.lib oleaut32.lib uuid.lib odbc32.lib odbccp32.lib /MANIFEST /ManifestFile:"Debug\MD5.exe.intermediate.manifest" /MANIFESTUAC:"level='asInvoker' uiAccess='false'" /DEBUG /PDB:"Z:\Project Engineering\Windows-Hello-VPR\程序代码\参考代码\文件传输安全更新\MD5 C plus plus\Debug\MD5.pdb" /SUBSYSTEM:CONSOLE /TLBID:1 /DYNAMICBASE /NXCOMPAT /IMPLIB:"Z:\Project Engineering\Windows-Hello-VPR\程序代码\参考代码\文件传输安全更新\MD5 C plus plus\Debug\MD5.lib" /MACHINE:X86 Debug\MD5.exe.embed.manifest.res
         Debug\SourseMain.obj
       Manifest:
         C:\Program Files\Microsoft SDKs\Windows\v7.0A\bin\mt.exe /nologo /verbose /out:"Debug\MD5.exe.embed.manifest" /manifest Debug\MD5.exe.intermediate.manifest
         所有输出均为最新。
       LinkEmbedManifest:
         所有输出均为最新。
         MD5.vcxproj -> Z:\Project Engineering\Windows-Hello-VPR\程序代码\参考代码\文件传输安全更新\MD5 C plus plus\Debug\MD5.exe
       FinalizeBuildStatus:
         正在删除文件“Debug\MD5.unsuccessfulbuild”。
         正在对“Debug\MD5.lastbuildstate”执行 Touch 任务。
     1>已完成生成项目“Z:\Project Engineering\Windows-Hello-VPR\程序代码\参考代码\文件传输安全更新\MD5 C plus plus\MD5\MD5.vcxproj”(build 个目标)的操作。

生成成功。

已用时间 00:00:03.10
