生成启动时间为 2016/8/29 11:31:26。
     1>项目“C:\Users\yili\Desktop\Windows_aitalk_1135\examples\asr_demo\asr_demo.vcxproj”在节点 2 上(build 个目标)。
     1>InitializeBuildStatus:
         正在创建“C:\Users\yili\Desktop\Windows_aitalk_1135\examples\asr_demo\temp\intermediate\Win32\Debug\asr_demo.unsuccessfulbuild”，因为已指定“AlwaysCreate”。
       ClCompile:
         C:\Program Files (x86)\Microsoft Visual Studio 10.0\VC\bin\CL.exe /c /ZI /nologo /W3 /WX- /Od /Oy- /D WIN32 /D _DEBUG /D _CONSOLE /D _UNICODE /D UNICODE /Gm /EHsc /RTC1 /MDd /GS /fp:precise /Zc:wchar_t /Zc:forScope /Fo"C:\Users\yili\Desktop\Windows_aitalk_1135\examples\asr_demo\temp\intermediate\Win32\Debug\\" /Fd"C:\Users\yili\Desktop\Windows_aitalk_1135\examples\asr_demo\temp\intermediate\Win32\Debug\vc100.pdb" /Gd /TC /analyze- /errorReport:prompt asr_demo.c
         asr_demo.c
     1>c:\users\yili\desktop\windows_aitalk_1135\examples\asr_demo\asr_demo.c(81): warning C4996: '_snprintf': This function or variable may be unsafe. Consider using _snprintf_s instead. To disable deprecation, use _CRT_SECURE_NO_WARNINGS. See online help for details.
                 c:\program files (x86)\microsoft visual studio 10.0\vc\include\stdio.h(363) : 参见“_snprintf”的声明
     1>c:\users\yili\desktop\windows_aitalk_1135\examples\asr_demo\asr_demo.c(94): warning C4047: “初始化”:“char”与“void *”的间接级别不同
     1>c:\users\yili\desktop\windows_aitalk_1135\examples\asr_demo\asr_demo.c(97): warning C4996: 'fopen': This function or variable may be unsafe. Consider using fopen_s instead. To disable deprecation, use _CRT_SECURE_NO_WARNINGS. See online help for details.
                 c:\program files (x86)\microsoft visual studio 10.0\vc\include\stdio.h(234) : 参见“fopen”的声明
     1>c:\users\yili\desktop\windows_aitalk_1135\examples\asr_demo\asr_demo.c(99): warning C4996: 'strerror': This function or variable may be unsafe. Consider using strerror_s instead. To disable deprecation, use _CRT_SECURE_NO_WARNINGS. See online help for details.
                 c:\program files (x86)\microsoft visual studio 10.0\vc\include\string.h(157) : 参见“strerror”的声明
     1>c:\users\yili\desktop\windows_aitalk_1135\examples\asr_demo\asr_demo.c(127): warning C4996: '_snprintf': This function or variable may be unsafe. Consider using _snprintf_s instead. To disable deprecation, use _CRT_SECURE_NO_WARNINGS. See online help for details.
                 c:\program files (x86)\microsoft visual studio 10.0\vc\include\stdio.h(363) : 参见“_snprintf”的声明
     1>c:\users\yili\desktop\windows_aitalk_1135\examples\asr_demo\asr_demo.c(157): warning C4047: “初始化”:“char”与“void *”的间接级别不同
     1>c:\users\yili\desktop\windows_aitalk_1135\examples\asr_demo\asr_demo.c(166): warning C4996: '_snprintf': This function or variable may be unsafe. Consider using _snprintf_s instead. To disable deprecation, use _CRT_SECURE_NO_WARNINGS. See online help for details.
                 c:\program files (x86)\microsoft visual studio 10.0\vc\include\stdio.h(363) : 参见“_snprintf”的声明
     1>c:\users\yili\desktop\windows_aitalk_1135\examples\asr_demo\asr_demo.c(172): warning C4047: “初始化”:“char”与“void *”的间接级别不同
     1>c:\users\yili\desktop\windows_aitalk_1135\examples\asr_demo\asr_demo.c(188): warning C4996: 'fopen': This function or variable may be unsafe. Consider using fopen_s instead. To disable deprecation, use _CRT_SECURE_NO_WARNINGS. See online help for details.
                 c:\program files (x86)\microsoft visual studio 10.0\vc\include\stdio.h(234) : 参见“fopen”的声明
     1>c:\users\yili\desktop\windows_aitalk_1135\examples\asr_demo\asr_demo.c(190): warning C4996: 'strerror': This function or variable may be unsafe. Consider using strerror_s instead. To disable deprecation, use _CRT_SECURE_NO_WARNINGS. See online help for details.
                 c:\program files (x86)\microsoft visual studio 10.0\vc\include\string.h(157) : 参见“strerror”的声明
     1>c:\users\yili\desktop\windows_aitalk_1135\examples\asr_demo\asr_demo.c(213): warning C4996: '_snprintf': This function or variable may be unsafe. Consider using _snprintf_s instead. To disable deprecation, use _CRT_SECURE_NO_WARNINGS. See online help for details.
                 c:\program files (x86)\microsoft visual studio 10.0\vc\include\stdio.h(363) : 参见“_snprintf”的声明
     1>c:\users\yili\desktop\windows_aitalk_1135\examples\asr_demo\asr_demo.c(247): warning C4996: '_sleep': This function or variable has been superceded by newer library or operating system functionality. Consider using Sleep instead. See online help for details.
                 c:\program files (x86)\microsoft visual studio 10.0\vc\include\stdlib.h(843) : 参见“_sleep”的声明
     1>c:\users\yili\desktop\windows_aitalk_1135\examples\asr_demo\asr_demo.c(258): warning C4996: '_sleep': This function or variable has been superceded by newer library or operating system functionality. Consider using Sleep instead. See online help for details.
                 c:\program files (x86)\microsoft visual studio 10.0\vc\include\stdlib.h(843) : 参见“_sleep”的声明
     1>c:\users\yili\desktop\windows_aitalk_1135\examples\asr_demo\asr_demo.c(306): warning C4996: '_sleep': This function or variable has been superceded by newer library or operating system functionality. Consider using Sleep instead. See online help for details.
                 c:\program files (x86)\microsoft visual studio 10.0\vc\include\stdlib.h(843) : 参见“_sleep”的声明
     1>c:\users\yili\desktop\windows_aitalk_1135\examples\asr_demo\asr_demo.c(325): warning C4996: '_sleep': This function or variable has been superceded by newer library or operating system functionality. Consider using Sleep instead. See online help for details.
                 c:\program files (x86)\microsoft visual studio 10.0\vc\include\stdlib.h(843) : 参见“_sleep”的声明
       ManifestResourceCompile:
         所有输出均为最新。
       Link:
         C:\Program Files (x86)\Microsoft Visual Studio 10.0\VC\bin\link.exe /ERRORREPORT:PROMPT /OUT:"C:\Users\yili\Desktop\Windows_aitalk_1135\examples\asr_demo\temp\output\Win32\Debug\asr_demo.exe" /INCREMENTAL /NOLOGO kernel32.lib user32.lib gdi32.lib winspool.lib comdlg32.lib advapi32.lib shell32.lib ole32.lib oleaut32.lib uuid.lib odbc32.lib odbccp32.lib /MANIFEST /ManifestFile:"C:\Users\yili\Desktop\Windows_aitalk_1135\examples\asr_demo\temp\intermediate\Win32\Debug\asr_demo.exe.intermediate.manifest" /MANIFESTUAC:"level='asInvoker' uiAccess='false'" /DEBUG /PDB:"C:\Users\yili\Desktop\Windows_aitalk_1135\examples\asr_demo\temp\output\Win32\Debug\asr_demo.pdb" /SUBSYSTEM:CONSOLE /TLBID:1 /DYNAMICBASE /NXCOMPAT /IMPLIB:"C:\Users\yili\Desktop\Windows_aitalk_1135\examples\asr_demo\temp\output\Win32\Debug\asr_demo.lib" /MACHINE:X86 C:\Users\yili\Desktop\Windows_aitalk_1135\examples\asr_demo\temp\intermediate\Win32\Debug\asr_demo.exe.embed.manifest.res
         C:\Users\yili\Desktop\Windows_aitalk_1135\examples\asr_demo\temp\intermediate\Win32\Debug\asr_demo.obj
       Manifest:
         c:\Program Files (x86)\Microsoft SDKs\Windows\v7.0A\bin\mt.exe /nologo /verbose /out:"C:\Users\yili\Desktop\Windows_aitalk_1135\examples\asr_demo\temp\intermediate\Win32\Debug\asr_demo.exe.embed.manifest" /manifest C:\Users\yili\Desktop\Windows_aitalk_1135\examples\asr_demo\temp\intermediate\Win32\Debug\asr_demo.exe.intermediate.manifest
         所有输出均为最新。
       LinkEmbedManifest:
         所有输出均为最新。
         asr_demo.vcxproj -> C:\Users\yili\Desktop\Windows_aitalk_1135\examples\asr_demo\temp\output\Win32\Debug\asr_demo.exe
       FinalizeBuildStatus:
         正在删除文件“C:\Users\yili\Desktop\Windows_aitalk_1135\examples\asr_demo\temp\intermediate\Win32\Debug\asr_demo.unsuccessfulbuild”。
         正在对“C:\Users\yili\Desktop\Windows_aitalk_1135\examples\asr_demo\temp\intermediate\Win32\Debug\asr_demo.lastbuildstate”执行 Touch 任务。
     1>已完成生成项目“C:\Users\yili\Desktop\Windows_aitalk_1135\examples\asr_demo\asr_demo.vcxproj”(build 个目标)的操作。

生成成功。

已用时间 00:00:00.89
