生成启动时间为 2017/7/24 14:14:36。
     1>项目“F:\Project Engineering\Windows-Hello-VPR\程序代码\Support Project\GMM\GMM\GMM.vcxproj”在节点 2 上(rebuild 个目标)。
     1>_PrepareForClean:
         正在删除文件“Debug\GMM.lastbuildstate”。
       InitializeBuildStatus:
         正在创建“Debug\GMM.unsuccessfulbuild”，因为已指定“AlwaysCreate”。
       ClCompile:
         C:\Program Files (x86)\Microsoft Visual Studio 10.0\VC\bin\CL.exe /c /ZI /nologo /W3 /WX- /Od /Oy- /D WIN32 /D _DEBUG /D _CONSOLE /D _UNICODE /D UNICODE /Gm /EHsc /RTC1 /MDd /GS /fp:precise /Zc:wchar_t /Zc:forScope /Fo"Debug\\" /Fd"Debug\vc100.pdb" /Gd /TP /analyze- /errorReport:prompt GMM.cpp KMeans.cpp main.cpp
         main.cpp
         KMeans.cpp
         GMM.cpp
         正在生成代码...
       ManifestResourceCompile:
         C:\Program Files (x86)\Microsoft SDKs\Windows\v7.0A\bin\rc.exe /nologo /fo"Debug\GMM.exe.embed.manifest.res" Debug\GMM_manifest.rc 
       Link:
         C:\Program Files (x86)\Microsoft Visual Studio 10.0\VC\bin\link.exe /ERRORREPORT:PROMPT /OUT:"F:\Project Engineering\Windows-Hello-VPR\程序代码\Support Project\GMM\Debug\GMM.exe" /INCREMENTAL /NOLOGO kernel32.lib user32.lib gdi32.lib winspool.lib comdlg32.lib advapi32.lib shell32.lib ole32.lib oleaut32.lib uuid.lib odbc32.lib odbccp32.lib /MANIFEST /ManifestFile:"Debug\GMM.exe.intermediate.manifest" /MANIFESTUAC:"level='asInvoker' uiAccess='false'" /DEBUG /PDB:"F:\Project Engineering\Windows-Hello-VPR\程序代码\Support Project\GMM\Debug\GMM.pdb" /SUBSYSTEM:CONSOLE /TLBID:1 /DYNAMICBASE /NXCOMPAT /IMPLIB:"F:\Project Engineering\Windows-Hello-VPR\程序代码\Support Project\GMM\Debug\GMM.lib" /MACHINE:X86 Debug\GMM.exe.embed.manifest.res
         Debug\GMM.obj
         Debug\KMeans.obj
         Debug\main.obj
       Manifest:
         正在删除文件“Debug\GMM.exe.embed.manifest”。
         C:\Program Files (x86)\Microsoft SDKs\Windows\v7.0A\bin\mt.exe /nologo /verbose /out:"Debug\GMM.exe.embed.manifest" /manifest Debug\GMM.exe.intermediate.manifest
         C:\Program Files (x86)\Microsoft SDKs\Windows\v7.0A\bin\rc.exe /nologo /fo"Debug\GMM.exe.embed.manifest.res" Debug\GMM_manifest.rc 
       LinkEmbedManifest:
         C:\Program Files (x86)\Microsoft Visual Studio 10.0\VC\bin\link.exe /ERRORREPORT:PROMPT /OUT:"F:\Project Engineering\Windows-Hello-VPR\程序代码\Support Project\GMM\Debug\GMM.exe" /INCREMENTAL /NOLOGO kernel32.lib user32.lib gdi32.lib winspool.lib comdlg32.lib advapi32.lib shell32.lib ole32.lib oleaut32.lib uuid.lib odbc32.lib odbccp32.lib /MANIFEST /ManifestFile:"Debug\GMM.exe.intermediate.manifest" /MANIFESTUAC:"level='asInvoker' uiAccess='false'" /DEBUG /PDB:"F:\Project Engineering\Windows-Hello-VPR\程序代码\Support Project\GMM\Debug\GMM.pdb" /SUBSYSTEM:CONSOLE /TLBID:1 /DYNAMICBASE /NXCOMPAT /IMPLIB:"F:\Project Engineering\Windows-Hello-VPR\程序代码\Support Project\GMM\Debug\GMM.lib" /MACHINE:X86 Debug\GMM.exe.embed.manifest.res
         Debug\GMM.obj
         Debug\KMeans.obj
         Debug\main.obj
         GMM.vcxproj -> F:\Project Engineering\Windows-Hello-VPR\程序代码\Support Project\GMM\Debug\GMM.exe
       FinalizeBuildStatus:
         正在删除文件“Debug\GMM.unsuccessfulbuild”。
         正在对“Debug\GMM.lastbuildstate”执行 Touch 任务。
     1>已完成生成项目“F:\Project Engineering\Windows-Hello-VPR\程序代码\Support Project\GMM\GMM\GMM.vcxproj”(rebuild 个目标)的操作。

生成成功。

已用时间 00:00:02.83
